

Microchip MPLAB XC8 Assembler V2.45 build 20230818022343 
                                                                                               Mon Feb 12 19:16:19 2024

Microchip MPLAB XC8 C Compiler v2.45 (Free license) build 20230818022343 Og1 
     1                           	processor	18F4620
     2                           	fnconf	rparam,??,?,0
     3                           	pagewidth 120
     4                           	opt	flic
     5                           	psect	idataCOMRAM,global,class=CODE,delta=1,noexec
     6                           	psect	idataBANK0,global,class=CODE,delta=1,noexec
     7                           	psect	idataBANK1,global,class=CODE,delta=1,noexec
     8                           	psect	smallconst,global,reloc=2,class=SMALLCONST,delta=1,noexec
     9                           	psect	cinit,global,reloc=2,class=CODE,delta=1
    10                           	psect	bssCOMRAM,global,class=COMRAM,space=1,delta=1,lowdata,noexec
    11                           	psect	dataCOMRAM,global,class=COMRAM,space=1,delta=1,lowdata,noexec
    12                           	psect	dataBANK0,global,class=BANK0,space=1,delta=1,lowdata,noexec
    13                           	psect	dataBANK1,global,class=BANK1,space=1,delta=1,lowdata,noexec
    14                           	psect	cstackCOMRAM,global,class=COMRAM,space=1,delta=1,lowdata,noexec
    15                           	psect	text0,global,reloc=2,class=CODE,delta=1
    16                           	psect	text1,global,reloc=2,class=CODE,delta=1
    17                           	psect	intsave_regs,global,class=BIGRAM,space=1,delta=1,noexec
    18                           	psect	rparam,global,class=COMRAM,space=1,delta=1,noexec
    19                           	psect	config,global,abs,ovrld,class=CONFIG,space=4,delta=1,noexec
    20   000000                     
    21                           ; Generated 23/03/2023 GMT
    22                           ; 
    23                           ; Copyright © 2023, Microchip Technology Inc. and its subsidiaries ("Microchip")
    24                           ; All rights reserved.
    25                           ; 
    26                           ; This software is developed by Microchip Technology Inc. and its subsidiaries ("Microch
      +                          ip").
    27                           ; 
    28                           ; Redistribution and use in source and binary forms, with or without modification, are
    29                           ; permitted provided that the following conditions are met:
    30                           ; 
    31                           ;     1. Redistributions of source code must retain the above copyright notice, this lis
      +                          t of
    32                           ;        conditions and the following disclaimer.
    33                           ; 
    34                           ;     2. Redistributions in binary form must reproduce the above copyright notice, this 
      +                          list
    35                           ;        of conditions and the following disclaimer in the documentation and/or other
    36                           ;        materials provided with the distribution. Publication is not required when
    37                           ;        this file is used in an embedded application.
    38                           ; 
    39                           ;     3. Microchip's name may not be used to endorse or promote products derived from th
      +                          is
    40                           ;        software without specific prior written permission.
    41                           ; 
    42                           ; THIS SOFTWARE IS PROVIDED BY MICROCHIP "AS IS" AND ANY EXPRESS OR IMPLIED WARRANTIES,
    43                           ; INCLUDING, BUT NOT LIMITED TO, THE IMPLIED WARRANTIES OF MERCHANTABILITY AND FITNESS F
      +                          OR
    44                           ; PURPOSE ARE DISCLAIMED.  IN NO EVENT SHALL MICROCHIP BE LIABLE FOR ANY DIRECT, INDIREC
      +                          T,
    45                           ; INCIDENTAL, SPECIAL, EXEMPLARY, OR CONSEQUENTIAL DAMAGES (INCLUDING BUT NOT LIMITED TO
    46                           ; PROCUREMENT OF SUBSTITUTE GOODS OR SERVICES; LOSS OF USE, DATA OR PROFITS; OR BUSINESS
    47                           ; INTERRUPTION) HOWSOEVER CAUSED AND ON ANY THEORY OF LIABILITY, WHETHER IN CONTRACT, ST
      +                          RICT
    48                           ; LIABILITY, OR TORT (INCLUDING NEGLIGENCE OR OTHERWISE) ARISING IN ANY WAY OUT OF THE U
      +                          SE OF
    49                           ; THIS SOFTWARE, EVEN IF ADVISED OF THE POSSIBILITY OF SUCH DAMAGE.
    50                           ; 
    51                           ; 
    52                           ; Code-generator required, PIC18F4620 Definitions
    53                           ; 
    54                           ; SFR Addresses
    55   000000                     
    56                           	psect	idataCOMRAM
    57   0011A6                     __pidataCOMRAM:
    58                           	callstack 0
    59                           
    60                           ;initializer for _keypad_key_values_arr
    61   0011A6  31                 	db	49
    62   0011A7  32                 	db	50
    63   0011A8  33                 	db	51
    64   0011A9  41                 	db	65
    65   0011AA  34                 	db	52
    66   0011AB  35                 	db	53
    67   0011AC  36                 	db	54
    68   0011AD  42                 	db	66
    69   0011AE  37                 	db	55
    70   0011AF  38                 	db	56
    71   0011B0  39                 	db	57
    72   0011B1  43                 	db	67
    73   0011B2  2A                 	db	42
    74   0011B3  30                 	db	48
    75   0011B4  23                 	db	35
    76   0011B5  44                 	db	68
    77                           
    78                           ;initializer for _LAT_REG_ADD_arr
    79   0011B6  89                 	db	137
    80   0011B7  0F                 	db	15
    81   0011B8  8A                 	db	138
    82   0011B9  0F                 	db	15
    83   0011BA  8B                 	db	139
    84   0011BB  0F                 	db	15
    85   0011BC  8C                 	db	140
    86   0011BD  0F                 	db	15
    87   0011BE  8D                 	db	141
    88   0011BF  0F                 	db	15
    89                           
    90                           ;initializer for _PORT_REG_ADD_arr
    91   0011C0  80                 	db	128
    92   0011C1  0F                 	db	15
    93   0011C2  81                 	db	129
    94   0011C3  0F                 	db	15
    95   0011C4  82                 	db	130
    96   0011C5  0F                 	db	15
    97   0011C6  83                 	db	131
    98   0011C7  0F                 	db	15
    99   0011C8  84                 	db	132
   100   0011C9  0F                 	db	15
   101                           
   102                           ;initializer for _TRIS_REG_ADD_arr
   103   0011CA  92                 	db	146
   104   0011CB  0F                 	db	15
   105   0011CC  93                 	db	147
   106   0011CD  0F                 	db	15
   107   0011CE  94                 	db	148
   108   0011CF  0F                 	db	15
   109   0011D0  95                 	db	149
   110   0011D1  0F                 	db	15
   111   0011D2  96                 	db	150
   112   0011D3  0F                 	db	15
   113                           
   114                           ;initializer for _lcd_2_8bit
   115   0011D4  02                 	db	2
   116   0011D5  06                 	db	6
   117   0011D6  00                 	db	0
   118   0011D7  00                 	db	0
   119   0011D8  00                 	db	0
   120   0011D9  02                 	db	2
   121   0011DA  07                 	db	7
   122   0011DB  00                 	db	0
   123   0011DC  00                 	db	0
   124   0011DD  00                 	db	0
   125   0011DE  03                 	db	3
   126   0011DF  00                 	db	0
   127   0011E0  00                 	db	0
   128   0011E1  00                 	db	0
   129   0011E2  00                 	db	0
   130   0011E3  03                 	db	3
   131   0011E4  01                 	db	1
   132   0011E5  00                 	db	0
   133   0011E6  00                 	db	0
   134   0011E7  00                 	db	0
   135   0011E8  03                 	db	3
   136   0011E9  02                 	db	2
   137   0011EA  00                 	db	0
   138   0011EB  00                 	db	0
   139   0011EC  00                 	db	0
   140   0011ED  03                 	db	3
   141   0011EE  03                 	db	3
   142   0011EF  00                 	db	0
   143   0011F0  00                 	db	0
   144   0011F1  00                 	db	0
   145   0011F2  03                 	db	3
   146   0011F3  04                 	db	4
   147   0011F4  00                 	db	0
   148   0011F5  00                 	db	0
   149   0011F6  00                 	db	0
   150   0011F7  03                 	db	3
   151   0011F8  05                 	db	5
   152   0011F9  00                 	db	0
   153   0011FA  00                 	db	0
   154   0011FB  00                 	db	0
   155   0011FC  03                 	db	3
   156   0011FD  06                 	db	6
   157   0011FE  00                 	db	0
   158   0011FF  00                 	db	0
   159   001200  00                 	db	0
   160   001201  03                 	db	3
   161   001202  07                 	db	7
   162   001203  00                 	db	0
   163   001204  00                 	db	0
   164   001205  00                 	db	0
   165                           
   166                           	psect	idataBANK0
   167   0010B8                     __pidataBANK0:
   168                           	callstack 0
   169                           
   170                           ;initializer for init_msg_lcd@F3307
   171   0010B8  20                 	db	32
   172   0010B9  20                 	db	32
   173   0010BA  20                 	db	32
   174   0010BB  20                 	db	32
   175   0010BC  20                 	db	32
   176   0010BD  20                 	db	32
   177   0010BE  20                 	db	32
   178   0010BF  20                 	db	32
   179   0010C0  20                 	db	32
   180   0010C1  20                 	db	32
   181   0010C2  20                 	db	32
   182   0010C3  20                 	db	32
   183   0010C4  20                 	db	32
   184   0010C5  20                 	db	32
   185   0010C6  20                 	db	32
   186   0010C7  20                 	db	32
   187   0010C8  00                 	db	0
   188                           
   189                           ;initializer for init_msg_lcd@F3305
   190   0010C9  20                 	db	32
   191   0010CA  20                 	db	32
   192   0010CB  20                 	db	32
   193   0010CC  20                 	db	32
   194   0010CD  20                 	db	32
   195   0010CE  20                 	db	32
   196   0010CF  20                 	db	32
   197   0010D0  20                 	db	32
   198   0010D1  20                 	db	32
   199   0010D2  20                 	db	32
   200   0010D3  20                 	db	32
   201   0010D4  20                 	db	32
   202   0010D5  20                 	db	32
   203   0010D6  20                 	db	32
   204   0010D7  20                 	db	32
   205   0010D8  20                 	db	32
   206   0010D9  00                 	db	0
   207                           
   208                           ;initializer for init_msg_lcd@F3301
   209   0010DA  20                 	db	32
   210   0010DB  20                 	db	32
   211   0010DC  20                 	db	32
   212   0010DD  20                 	db	32
   213   0010DE  20                 	db	32
   214   0010DF  20                 	db	32
   215   0010E0  20                 	db	32
   216   0010E1  20                 	db	32
   217   0010E2  20                 	db	32
   218   0010E3  20                 	db	32
   219   0010E4  20                 	db	32
   220   0010E5  20                 	db	32
   221   0010E6  20                 	db	32
   222   0010E7  20                 	db	32
   223   0010E8  20                 	db	32
   224   0010E9  20                 	db	32
   225   0010EA  00                 	db	0
   226                           
   227                           ;initializer for init_msg_lcd@F3297
   228   0010EB  20                 	db	32
   229   0010EC  20                 	db	32
   230   0010ED  20                 	db	32
   231   0010EE  20                 	db	32
   232   0010EF  20                 	db	32
   233   0010F0  20                 	db	32
   234   0010F1  20                 	db	32
   235   0010F2  20                 	db	32
   236   0010F3  20                 	db	32
   237   0010F4  20                 	db	32
   238   0010F5  20                 	db	32
   239   0010F6  20                 	db	32
   240   0010F7  20                 	db	32
   241   0010F8  20                 	db	32
   242   0010F9  20                 	db	32
   243   0010FA  20                 	db	32
   244   0010FB  00                 	db	0
   245                           
   246                           ;initializer for init_msg_lcd@F3293
   247   0010FC  20                 	db	32
   248   0010FD  20                 	db	32
   249   0010FE  20                 	db	32
   250   0010FF  20                 	db	32
   251   001100  20                 	db	32
   252   001101  20                 	db	32
   253   001102  20                 	db	32
   254   001103  20                 	db	32
   255   001104  20                 	db	32
   256   001105  20                 	db	32
   257   001106  20                 	db	32
   258   001107  20                 	db	32
   259   001108  20                 	db	32
   260   001109  20                 	db	32
   261   00110A  20                 	db	32
   262   00110B  20                 	db	32
   263   00110C  00                 	db	0
   264                           
   265                           ;initializer for init_msg_lcd@F3289
   266   00110D  20                 	db	32
   267   00110E  20                 	db	32
   268   00110F  20                 	db	32
   269   001110  20                 	db	32
   270   001111  20                 	db	32
   271   001112  20                 	db	32
   272   001113  20                 	db	32
   273   001114  20                 	db	32
   274   001115  20                 	db	32
   275   001116  20                 	db	32
   276   001117  20                 	db	32
   277   001118  20                 	db	32
   278   001119  20                 	db	32
   279   00111A  20                 	db	32
   280   00111B  20                 	db	32
   281   00111C  20                 	db	32
   282   00111D  00                 	db	0
   283                           
   284                           ;initializer for init_msg_lcd@F3285
   285   00111E  20                 	db	32
   286   00111F  20                 	db	32
   287   001120  20                 	db	32
   288   001121  20                 	db	32
   289   001122  20                 	db	32
   290   001123  20                 	db	32
   291   001124  20                 	db	32
   292   001125  20                 	db	32
   293   001126  20                 	db	32
   294   001127  20                 	db	32
   295   001128  20                 	db	32
   296   001129  20                 	db	32
   297   00112A  20                 	db	32
   298   00112B  20                 	db	32
   299   00112C  20                 	db	32
   300   00112D  20                 	db	32
   301   00112E  00                 	db	0
   302                           
   303                           	psect	idataBANK1
   304   00103A                     __pidataBANK1:
   305                           	callstack 0
   306                           
   307                           ;initializer for init_msg_lcd@F3303
   308   00103A  6C                 	db	108
   309   00103B  6F                 	db	111
   310   00103C  61                 	db	97
   311   00103D  64                 	db	100
   312   00103E  69                 	db	105
   313   00103F  6E                 	db	110
   314   001040  67                 	db	103
   315   001041  2E                 	db	46
   316   001042  2E                 	db	46
   317   001043  2E                 	db	46
   318   001044  2E                 	db	46
   319   001045  2E                 	db	46
   320   001046  2E                 	db	46
   321   001047  2E                 	db	46
   322   001048  2E                 	db	46
   323   001049  2E                 	db	46
   324   00104A  2E                 	db	46
   325   00104B  00                 	db	0
   326                           
   327                           ;initializer for init_msg_lcd@F3299
   328   00104C  6C                 	db	108
   329   00104D  6F                 	db	111
   330   00104E  61                 	db	97
   331   00104F  64                 	db	100
   332   001050  69                 	db	105
   333   001051  6E                 	db	110
   334   001052  67                 	db	103
   335   001053  2E                 	db	46
   336   001054  2E                 	db	46
   337   001055  2E                 	db	46
   338   001056  2E                 	db	46
   339   001057  2E                 	db	46
   340   001058  2E                 	db	46
   341   001059  2E                 	db	46
   342   00105A  2E                 	db	46
   343   00105B  20                 	db	32
   344   00105C  20                 	db	32
   345   00105D  00                 	db	0
   346                           
   347                           ;initializer for init_msg_lcd@F3295
   348   00105E  6C                 	db	108
   349   00105F  6F                 	db	111
   350   001060  61                 	db	97
   351   001061  64                 	db	100
   352   001062  69                 	db	105
   353   001063  6E                 	db	110
   354   001064  67                 	db	103
   355   001065  2E                 	db	46
   356   001066  2E                 	db	46
   357   001067  2E                 	db	46
   358   001068  2E                 	db	46
   359   001069  2E                 	db	46
   360   00106A  2E                 	db	46
   361   00106B  20                 	db	32
   362   00106C  20                 	db	32
   363   00106D  20                 	db	32
   364   00106E  20                 	db	32
   365   00106F  00                 	db	0
   366                           
   367                           ;initializer for init_msg_lcd@F3291
   368   001070  6C                 	db	108
   369   001071  6F                 	db	111
   370   001072  61                 	db	97
   371   001073  64                 	db	100
   372   001074  69                 	db	105
   373   001075  6E                 	db	110
   374   001076  67                 	db	103
   375   001077  2E                 	db	46
   376   001078  2E                 	db	46
   377   001079  2E                 	db	46
   378   00107A  2E                 	db	46
   379   00107B  20                 	db	32
   380   00107C  20                 	db	32
   381   00107D  20                 	db	32
   382   00107E  20                 	db	32
   383   00107F  20                 	db	32
   384   001080  20                 	db	32
   385   001081  00                 	db	0
   386                           
   387                           ;initializer for init_msg_lcd@F3287
   388   001082  6C                 	db	108
   389   001083  6F                 	db	111
   390   001084  61                 	db	97
   391   001085  64                 	db	100
   392   001086  69                 	db	105
   393   001087  6E                 	db	110
   394   001088  67                 	db	103
   395   001089  2E                 	db	46
   396   00108A  2E                 	db	46
   397   00108B  20                 	db	32
   398   00108C  20                 	db	32
   399   00108D  20                 	db	32
   400   00108E  20                 	db	32
   401   00108F  20                 	db	32
   402   001090  20                 	db	32
   403   001091  20                 	db	32
   404   001092  20                 	db	32
   405   001093  00                 	db	0
   406                           
   407                           ;initializer for init_msg_lcd@F3283
   408   001094  6C                 	db	108
   409   001095  6F                 	db	111
   410   001096  61                 	db	97
   411   001097  64                 	db	100
   412   001098  69                 	db	105
   413   001099  6E                 	db	110
   414   00109A  67                 	db	103
   415   00109B  20                 	db	32
   416   00109C  20                 	db	32
   417   00109D  20                 	db	32
   418   00109E  20                 	db	32
   419   00109F  20                 	db	32
   420   0010A0  20                 	db	32
   421   0010A1  20                 	db	32
   422   0010A2  20                 	db	32
   423   0010A3  20                 	db	32
   424   0010A4  20                 	db	32
   425   0010A5  00                 	db	0
   426                           
   427                           ;initializer for init_msg_lcd@F3281
   428   0010A6  20                 	db	32
   429   0010A7  50                 	db	80
   430   0010A8  4C                 	db	76
   431   0010A9  45                 	db	69
   432   0010AA  41                 	db	65
   433   0010AB  53                 	db	83
   434   0010AC  45                 	db	69
   435   0010AD  20                 	db	32
   436   0010AE  57                 	db	87
   437   0010AF  41                 	db	65
   438   0010B0  49                 	db	73
   439   0010B1  54                 	db	84
   440   0010B2  20                 	db	32
   441   0010B3  3D                 	db	61
   442   0010B4  29                 	db	41
   443   0010B5  20                 	db	32
   444   0010B6  20                 	db	32
   445   0010B7  00                 	db	0
   446   000000                     _INTCON2bits	set	4081
   447   000000                     _LATA	set	3977
   448   000000                     _PORTE	set	3972
   449   000000                     _PORTD	set	3971
   450   000000                     _PORTC	set	3970
   451   000000                     _PORTB	set	3969
   452   000000                     _PORTA	set	3968
   453   000000                     _TRISA	set	3986
   454   000000                     _INTCON3bits	set	4080
   455   000000                     _INTCONbits	set	4082
   456   000000                     _TRISE	set	3990
   457   000000                     _TRISD	set	3989
   458   000000                     _TRISC	set	3988
   459   000000                     _TRISB	set	3987
   460   000000                     _LATE	set	3981
   461   000000                     _LATD	set	3980
   462   000000                     _LATC	set	3979
   463   000000                     _LATB	set	3978
   464                           
   465                           	psect	smallconst
   466   001000                     __psmallconst:
   467                           	callstack 0
   468   001000  00                 	db	0
   469   001001                     STR_10:
   470   001001  20                 	db	32
   471   001002  20                 	db	32
   472   001003  20                 	db	32
   473   001004  20                 	db	32
   474   001005  20                 	db	32
   475   001006  20                 	db	32
   476   001007  20                 	db	32
   477   001008  20                 	db	32
   478   001009  20                 	db	32
   479   00100A  20                 	db	32
   480   00100B  20                 	db	32
   481   00100C  20                 	db	32
   482   00100D  20                 	db	32
   483   00100E  20                 	db	32
   484   00100F  20                 	db	32
   485   001010  20                 	db	32
   486   001011  00                 	db	0
   487   001012  5F                 	db	95	;'_'
   488   001013  49                 	db	73	;'I'
   489   001014  4E                 	db	78	;'N'
   490   001015  49                 	db	73	;'I'
   491   001016  54                 	db	84	;'T'
   492   001017  49                 	db	73	;'I'
   493   001018  41                 	db	65	;'A'
   494   001019  4C                 	db	76	;'L'
   495   00101A  49                 	db	73	;'I'
   496   00101B  5A                 	db	90	;'Z'
   497   00101C  41                 	db	65	;'A'
   498   00101D  54                 	db	84	;'T'
   499   00101E  49                 	db	73	;'I'
   500   00101F  4F                 	db	79	;'O'
   501   001020  4E                 	db	78	;'N'
   502   001021  5F                 	db	95	;'_'
   503   001022  00                 	db	0
   504   001023                     STR_2:
   505   001023  5F                 	db	95	;'_'
   506   001024  57                 	db	87	;'W'
   507   001025  4F                 	db	79	;'O'
   508   001026  52                 	db	82	;'R'
   509   001027  4C                 	db	76	;'L'
   510   001028  44                 	db	68	;'D'
   511   001029  5F                 	db	95	;'_'
   512   00102A  00                 	db	0
   513   00102B                     STR_1:
   514   00102B  5F                 	db	95	;'_'
   515   00102C  48                 	db	72	;'H'
   516   00102D  45                 	db	69	;'E'
   517   00102E  4C                 	db	76	;'L'
   518   00102F  4C                 	db	76	;'L'
   519   001030  4F                 	db	79	;'O'
   520   001031  5F                 	db	95	;'_'
   521   001032  00                 	db	0
   522   001033  25                 	db	37
   523   001034  69                 	db	105	;'i'
   524   001035  00                 	db	0
   525   001036                     STR_12:
   526   001036  25                 	db	37
   527   001037  75                 	db	117	;'u'
   528   001038  00                 	db	0
   529   001039  00                 	db	0	; dummy byte at the end
   530   000000                     
   531                           ; #config settings
   532                           
   533                           	psect	cinit
   534   001130                     __pcinit:
   535                           	callstack 0
   536   001130                     start_initialization:
   537                           	callstack 0
   538   001130                     __initialization:
   539                           	callstack 0
   540                           
   541                           ; Initialize objects allocated to BANK1 (126 bytes)
   542                           ; load TBLPTR registers with __pidataBANK1
   543   001130  0E3A               	movlw	low __pidataBANK1
   544   001132  6EF6               	movwf	tblptrl,c
   545   001134  0E10               	movlw	high __pidataBANK1
   546   001136  6EF7               	movwf	tblptrh,c
   547   001138  0E00               	movlw	low (__pidataBANK1 shr (0+16))
   548   00113A  6EF8               	movwf	tblptru,c
   549   00113C  EE01  F000         	lfsr	0,__pdataBANK1
   550   001140  EE10 F07E          	lfsr	1,126
   551   001144                     copy_data0:
   552   001144  0009               	tblrd		*+
   553   001146  CFF5 FFEE          	movff	tablat,postinc0
   554   00114A  50E5               	movf	postdec1,w,c
   555   00114C  50E1               	movf	fsr1l,w,c
   556   00114E  E1FA               	bnz	copy_data0
   557                           
   558                           ; Initialize objects allocated to BANK0 (119 bytes)
   559                           ; load TBLPTR registers with __pidataBANK0
   560   001150  0EB8               	movlw	low __pidataBANK0
   561   001152  6EF6               	movwf	tblptrl,c
   562   001154  0E10               	movlw	high __pidataBANK0
   563   001156  6EF7               	movwf	tblptrh,c
   564   001158  0E00               	movlw	low (__pidataBANK0 shr (0+16))
   565   00115A  6EF8               	movwf	tblptru,c
   566   00115C  EE00  F080         	lfsr	0,__pdataBANK0
   567   001160  EE10 F077          	lfsr	1,119
   568   001164                     copy_data1:
   569   001164  0009               	tblrd		*+
   570   001166  CFF5 FFEE          	movff	tablat,postinc0
   571   00116A  50E5               	movf	postdec1,w,c
   572   00116C  50E1               	movf	fsr1l,w,c
   573   00116E  E1FA               	bnz	copy_data1
   574                           
   575                           ; Initialize objects allocated to COMRAM (96 bytes)
   576                           ; load TBLPTR registers with __pidataCOMRAM
   577   001170  0EA6               	movlw	low __pidataCOMRAM
   578   001172  6EF6               	movwf	tblptrl,c
   579   001174  0E11               	movlw	high __pidataCOMRAM
   580   001176  6EF7               	movwf	tblptrh,c
   581   001178  0E00               	movlw	low (__pidataCOMRAM shr (0+16))
   582   00117A  6EF8               	movwf	tblptru,c
   583   00117C  EE00  F001         	lfsr	0,__pdataCOMRAM
   584   001180  EE10 F060          	lfsr	1,96
   585   001184                     copy_data2:
   586   001184  0009               	tblrd		*+
   587   001186  CFF5 FFEE          	movff	tablat,postinc0
   588   00118A  50E5               	movf	postdec1,w,c
   589   00118C  50E1               	movf	fsr1l,w,c
   590   00118E  E1FA               	bnz	copy_data2
   591                           
   592                           ; Clear objects allocated to COMRAM (19 bytes)
   593   001190  EE00  F061         	lfsr	0,__pbssCOMRAM
   594   001194  0E13               	movlw	19
   595   001196                     clear_0:
   596   001196  6AEE               	clrf	postinc0,c
   597   001198  06E8               	decf	wreg,f,c
   598   00119A  E1FD               	bnz	clear_0
   599   00119C                     end_of_initialization:
   600                           	callstack 0
   601   00119C                     __end_of__initialization:
   602                           	callstack 0
   603   00119C  0E00               	movlw	low (__Lmediumconst shr (0+16))
   604   00119E  6EF8               	movwf	tblptru,c
   605   0011A0  0100               	movlb	0
   606   0011A2  EF03  F009         	goto	_main	;jump to C main() function
   607                           
   608                           	psect	bssCOMRAM
   609   000061                     __pbssCOMRAM:
   610                           	callstack 0
   611   000061                     led_toggle@F3113:
   612                           	callstack 0
   613   000061                     	ds	5
   614   000066                     led_on_off@F3109:
   615                           	callstack 0
   616   000066                     	ds	5
   617   00006B                     led_init@F3104:
   618                           	callstack 0
   619   00006B                     	ds	5
   620   000070                     _program_step_counter:
   621                           	callstack 0
   622   000070                     	ds	4
   623                           
   624                           	psect	dataCOMRAM
   625   000001                     __pdataCOMRAM:
   626                           	callstack 0
   627   000001                     _keypad_key_values_arr:
   628                           	callstack 0
   629   000001                     	ds	16
   630   000011                     _LAT_REG_ADD_arr:
   631                           	callstack 0
   632   000011                     	ds	10
   633   00001B                     _PORT_REG_ADD_arr:
   634                           	callstack 0
   635   00001B                     	ds	10
   636   000025                     _TRIS_REG_ADD_arr:
   637                           	callstack 0
   638   000025                     	ds	10
   639   00002F                     _lcd_2_8bit:
   640                           	callstack 0
   641   00002F                     	ds	50
   642                           
   643                           	psect	dataBANK0
   644   000080                     __pdataBANK0:
   645                           	callstack 0
   646   000080                     init_msg_lcd@F3307:
   647                           	callstack 0
   648   000080                     	ds	17
   649   000091                     init_msg_lcd@F3305:
   650                           	callstack 0
   651   000091                     	ds	17
   652   0000A2                     init_msg_lcd@F3301:
   653                           	callstack 0
   654   0000A2                     	ds	17
   655   0000B3                     init_msg_lcd@F3297:
   656                           	callstack 0
   657   0000B3                     	ds	17
   658   0000C4                     init_msg_lcd@F3293:
   659                           	callstack 0
   660   0000C4                     	ds	17
   661   0000D5                     init_msg_lcd@F3289:
   662                           	callstack 0
   663   0000D5                     	ds	17
   664   0000E6                     init_msg_lcd@F3285:
   665                           	callstack 0
   666   0000E6                     	ds	17
   667                           
   668                           	psect	dataBANK1
   669   000100                     __pdataBANK1:
   670                           	callstack 0
   671   000100                     init_msg_lcd@F3303:
   672                           	callstack 0
   673   000100                     	ds	18
   674   000112                     init_msg_lcd@F3299:
   675                           	callstack 0
   676   000112                     	ds	18
   677   000124                     init_msg_lcd@F3295:
   678                           	callstack 0
   679   000124                     	ds	18
   680   000136                     init_msg_lcd@F3291:
   681                           	callstack 0
   682   000136                     	ds	18
   683   000148                     init_msg_lcd@F3287:
   684                           	callstack 0
   685   000148                     	ds	18
   686   00015A                     init_msg_lcd@F3283:
   687                           	callstack 0
   688   00015A                     	ds	18
   689   00016C                     init_msg_lcd@F3281:
   690                           	callstack 0
   691   00016C                     	ds	18
   692                           
   693                           	psect	cstackCOMRAM
   694   000000                     __pcstackCOMRAM:
   695                           	callstack 0
   696   000000                     
   697                           ; 2 bytes @ 0x0
   698 ;;
   699 ;;Main: autosize = 0, tempsize = 0, incstack = 0, save=0
   700 ;;
   701 ;; *************** function _main *****************
   702 ;; Defined at:
   703 ;;		line 31 in file "main.c"
   704 ;; Parameters:    Size  Location     Type
   705 ;;		None
   706 ;; Auto vars:     Size  Location     Type
   707 ;;		None
   708 ;; Return value:  Size  Location     Type
   709 ;;                  2  819[None  ] int 
   710 ;; Registers used:
   711 ;;		cstack
   712 ;; Tracked objects:
   713 ;;		On entry : 0/0
   714 ;;		On exit  : 0/0
   715 ;;		Unchanged: 0/0
   716 ;; Data sizes:     COMRAM   BANK0   BANK1   BANK2   BANK3   BANK4   BANK5   BANK6   BANK7   BANK8   BANK9  BANK10  BANK1
      +1  BANK12  BANK13  BANK14  BANK15
   717 ;;      Params:         0       0       0       0       0       0       0       0       0       0       0       0       
      +0       0       0       0       0
   718 ;;      Locals:         0       0       0       0       0       0       0       0       0       0       0       0       
      +0       0       0       0       0
   719 ;;      Temps:          0       0       0       0       0       0       0       0       0       0       0       0       
      +0       0       0       0       0
   720 ;;      Totals:         0       0       0       0       0       0       0       0       0       0       0       0       
      +0       0       0       0       0
   721 ;;Total ram usage:        0 bytes
   722 ;; Hardware stack levels required when called: 1
   723 ;; This function calls:
   724 ;;		_app_init
   725 ;; This function is called by:
   726 ;;		Startup code after reset
   727 ;; This function uses a non-reentrant model
   728 ;;
   729                           
   730                           	psect	text0
   731   001206                     __ptext0:
   732                           	callstack 0
   733   001206                     _main:
   734                           	callstack 30
   735   001206                     
   736                           ;main.c: 33:     app_init();
   737   001206  EC09  F009         	call	_app_init	;wreg free
   738   00120A                     l820:
   739                           
   740                           ;main.c: 36:     {;main.c: 39:      }
   741   00120A  EF05  F009         	goto	l820
   742   00120E  EF00  F000         	goto	start
   743   001212                     __end_of_main:
   744                           	callstack 0
   745                           
   746 ;; *************** function _app_init *****************
   747 ;; Defined at:
   748 ;;		line 41 in file "_APP/application.c"
   749 ;; Parameters:    Size  Location     Type
   750 ;;		None
   751 ;; Auto vars:     Size  Location     Type
   752 ;;		None
   753 ;; Return value:  Size  Location     Type
   754 ;;                  1    wreg      void 
   755 ;; Registers used:
   756 ;;		None
   757 ;; Tracked objects:
   758 ;;		On entry : 0/0
   759 ;;		On exit  : 0/0
   760 ;;		Unchanged: 0/0
   761 ;; Data sizes:     COMRAM   BANK0   BANK1   BANK2   BANK3   BANK4   BANK5   BANK6   BANK7   BANK8   BANK9  BANK10  BANK1
      +1  BANK12  BANK13  BANK14  BANK15
   762 ;;      Params:         0       0       0       0       0       0       0       0       0       0       0       0       
      +0       0       0       0       0
   763 ;;      Locals:         0       0       0       0       0       0       0       0       0       0       0       0       
      +0       0       0       0       0
   764 ;;      Temps:          0       0       0       0       0       0       0       0       0       0       0       0       
      +0       0       0       0       0
   765 ;;      Totals:         0       0       0       0       0       0       0       0       0       0       0       0       
      +0       0       0       0       0
   766 ;;Total ram usage:        0 bytes
   767 ;; Hardware stack levels used: 1
   768 ;; This function calls:
   769 ;;		Nothing
   770 ;; This function is called by:
   771 ;;		_main
   772 ;; This function uses a non-reentrant model
   773 ;;
   774                           
   775                           	psect	text1
   776   001212                     __ptext1:
   777                           	callstack 0
   778   001212                     _app_init:
   779                           	callstack 30
   780   001212  0012               	return		;funcret
   781   001214                     __end_of_app_init:
   782                           	callstack 0
   783                           
   784                           	psect	rparam
   785   000000                     
   786                           	psect	config
   787                           
   788                           ; Padding undefined space
   789   300000                     	org	3145728
   790   300000  FF                 	db	255
   791                           
   792                           ;Config register CONFIG1H @ 0x300001
   793                           ;	Oscillator Selection bits
   794                           ;	OSC = HS, HS oscillator
   795                           ;	Fail-Safe Clock Monitor Enable bit
   796                           ;	FCMEN = OFF, Fail-Safe Clock Monitor disabled
   797                           ;	Internal/External Oscillator Switchover bit
   798                           ;	IESO = OFF, Oscillator Switchover mode disabled
   799   300001                     	org	3145729
   800   300001  02                 	db	2
   801                           
   802                           ;Config register CONFIG2L @ 0x300002
   803                           ;	Power-up Timer Enable bit
   804                           ;	PWRT = OFF, PWRT disabled
   805                           ;	Brown-out Reset Enable bits
   806                           ;	BOREN = OFF, Brown-out Reset disabled in hardware and software
   807                           ;	Brown Out Reset Voltage bits
   808                           ;	BORV = 1, 
   809   300002                     	org	3145730
   810   300002  09                 	db	9
   811                           
   812                           ;Config register CONFIG2H @ 0x300003
   813                           ;	Watchdog Timer Enable bit
   814                           ;	WDT = OFF, WDT disabled (control is placed on the SWDTEN bit)
   815                           ;	Watchdog Timer Postscale Select bits
   816                           ;	WDTPS = 32768, 1:32768
   817   300003                     	org	3145731
   818   300003  1E                 	db	30
   819                           
   820                           ; Padding undefined space
   821   300004                     	org	3145732
   822   300004  FF                 	db	255
   823                           
   824                           ;Config register CONFIG3H @ 0x300005
   825                           ;	CCP2 MUX bit
   826                           ;	CCP2MX = PORTC, CCP2 input/output is multiplexed with RC1
   827                           ;	PORTB A/D Enable bit
   828                           ;	PBADEN = OFF, PORTB<4:0> pins are configured as digital I/O on Reset
   829                           ;	Low-Power Timer1 Oscillator Enable bit
   830                           ;	LPT1OSC = OFF, Timer1 configured for higher power operation
   831                           ;	MCLR Pin Enable bit
   832                           ;	MCLRE = ON, MCLR pin enabled; RE3 input pin disabled
   833   300005                     	org	3145733
   834   300005  81                 	db	129
   835                           
   836                           ;Config register CONFIG4L @ 0x300006
   837                           ;	Stack Full/Underflow Reset Enable bit
   838                           ;	STVREN = ON, Stack full/underflow will cause Reset
   839                           ;	Single-Supply ICSP Enable bit
   840                           ;	LVP = OFF, Single-Supply ICSP disabled
   841                           ;	Extended Instruction Set Enable bit
   842                           ;	XINST = OFF, Instruction set extension and Indexed Addressing mode disabled (Legacy mo
      +                          de)
   843                           ;	Background Debugger Enable bit
   844                           ;	DEBUG = 0x1, unprogrammed default
   845   300006                     	org	3145734
   846   300006  81                 	db	129
   847                           
   848                           ; Padding undefined space
   849   300007                     	org	3145735
   850   300007  FF                 	db	255
   851                           
   852                           ;Config register CONFIG5L @ 0x300008
   853                           ;	Code Protection bit
   854                           ;	CP0 = OFF, Block 0 (000800-003FFFh) not code-protected
   855                           ;	Code Protection bit
   856                           ;	CP1 = OFF, Block 1 (004000-007FFFh) not code-protected
   857                           ;	Code Protection bit
   858                           ;	CP2 = OFF, Block 2 (008000-00BFFFh) not code-protected
   859                           ;	Code Protection bit
   860                           ;	CP3 = OFF, Block 3 (00C000-00FFFFh) not code-protected
   861   300008                     	org	3145736
   862   300008  0F                 	db	15
   863                           
   864                           ;Config register CONFIG5H @ 0x300009
   865                           ;	Boot Block Code Protection bit
   866                           ;	CPB = OFF, Boot block (000000-0007FFh) not code-protected
   867                           ;	Data EEPROM Code Protection bit
   868                           ;	CPD = OFF, Data EEPROM not code-protected
   869   300009                     	org	3145737
   870   300009  C0                 	db	192
   871                           
   872                           ;Config register CONFIG6L @ 0x30000A
   873                           ;	Write Protection bit
   874                           ;	WRT0 = OFF, Block 0 (000800-003FFFh) not write-protected
   875                           ;	Write Protection bit
   876                           ;	WRT1 = OFF, Block 1 (004000-007FFFh) not write-protected
   877                           ;	Write Protection bit
   878                           ;	WRT2 = OFF, Block 2 (008000-00BFFFh) not write-protected
   879                           ;	Write Protection bit
   880                           ;	WRT3 = OFF, Block 3 (00C000-00FFFFh) not write-protected
   881   30000A                     	org	3145738
   882   30000A  0F                 	db	15
   883                           
   884                           ;Config register CONFIG6H @ 0x30000B
   885                           ;	Configuration Register Write Protection bit
   886                           ;	WRTC = OFF, Configuration registers (300000-3000FFh) not write-protected
   887                           ;	Boot Block Write Protection bit
   888                           ;	WRTB = OFF, Boot Block (000000-0007FFh) not write-protected
   889                           ;	Data EEPROM Write Protection bit
   890                           ;	WRTD = OFF, Data EEPROM not write-protected
   891   30000B                     	org	3145739
   892   30000B  E0                 	db	224
   893                           
   894                           ;Config register CONFIG7L @ 0x30000C
   895                           ;	Table Read Protection bit
   896                           ;	EBTR0 = OFF, Block 0 (000800-003FFFh) not protected from table reads executed in other
      +                           blocks
   897                           ;	Table Read Protection bit
   898                           ;	EBTR1 = OFF, Block 1 (004000-007FFFh) not protected from table reads executed in other
      +                           blocks
   899                           ;	Table Read Protection bit
   900                           ;	EBTR2 = OFF, Block 2 (008000-00BFFFh) not protected from table reads executed in other
      +                           blocks
   901                           ;	Table Read Protection bit
   902                           ;	EBTR3 = OFF, Block 3 (00C000-00FFFFh) not protected from table reads executed in other
      +                           blocks
   903   30000C                     	org	3145740
   904   30000C  0F                 	db	15
   905                           
   906                           ;Config register CONFIG7H @ 0x30000D
   907                           ;	Boot Block Table Read Protection bit
   908                           ;	EBTRB = OFF, Boot Block (000000-0007FFh) not protected from table reads executed in ot
      +                          her blocks
   909   30000D                     	org	3145741
   910   30000D  40                 	db	64
   911                           tosu	equ	0xFFF
   912                           tosh	equ	0xFFE
   913                           tosl	equ	0xFFD
   914                           stkptr	equ	0xFFC
   915                           pclatu	equ	0xFFB
   916                           pclath	equ	0xFFA
   917                           pcl	equ	0xFF9
   918                           tblptru	equ	0xFF8
   919                           tblptrh	equ	0xFF7
   920                           tblptrl	equ	0xFF6
   921                           tablat	equ	0xFF5
   922                           prodh	equ	0xFF4
   923                           prodl	equ	0xFF3
   924                           indf0	equ	0xFEF
   925                           postinc0	equ	0xFEE
   926                           postdec0	equ	0xFED
   927                           preinc0	equ	0xFEC
   928                           plusw0	equ	0xFEB
   929                           fsr0h	equ	0xFEA
   930                           fsr0l	equ	0xFE9
   931                           wreg	equ	0xFE8
   932                           indf1	equ	0xFE7
   933                           postinc1	equ	0xFE6
   934                           postdec1	equ	0xFE5
   935                           preinc1	equ	0xFE4
   936                           plusw1	equ	0xFE3
   937                           fsr1h	equ	0xFE2
   938                           fsr1l	equ	0xFE1
   939                           bsr	equ	0xFE0
   940                           indf2	equ	0xFDF
   941                           postinc2	equ	0xFDE
   942                           postdec2	equ	0xFDD
   943                           preinc2	equ	0xFDC
   944                           plusw2	equ	0xFDB
   945                           fsr2h	equ	0xFDA
   946                           fsr2l	equ	0xFD9
   947                           status	equ	0xFD8

Data Sizes:
    Strings     56
    Constant    0
    Data        341
    BSS         19
    Persistent  0
    Stack       0

Auto Spaces:
    Space          Size  Autos    Used
    COMRAM          127      0     115
    BANK0           128      0     119
    BANK1           256      0     126
    BANK2           256      0       0
    BANK3           256      0       0
    BANK4           256      0       0
    BANK5           256      0       0
    BANK6           256      0       0
    BANK7           256      0       0
    BANK8           256      0       0
    BANK9           256      0       0
    BANK10          256      0       0
    BANK11          256      0       0
    BANK12          256      0       0
    BANK13          256      0       0
    BANK14          256      0       0
    BANK15          128      0       0

Pointer List with Targets:

    f$.$buffer	PTR unsigned char  size(2) Largest target is 0

    f$.$source	PTR const unsigned char  size(2) Largest target is 0

    interrupt_INTx_clear_flag@interrupt_INTx_st$external_interrupt_handler	PTR FTN()void  size(2) Largest target is 0

    interrupt_INTx_disable@interrupt_INTx_st$external_interrupt_handler	PTR FTN()void  size(2) Largest target is 0

    interrupt_INTx_edge_init@interrupt_INTx_st$external_interrupt_handler	PTR FTN()void  size(2) Largest target is 0

    interrupt_INTx_enable@interrupt_INTx_st$external_interrupt_handler	PTR FTN()void  size(2) Largest target is 0

    interrupt_INTx_pin_init@interrupt_INTx_st$external_interrupt_handler	PTR FTN()void  size(2) Largest target is 0

    interrupt_INTx_priority_init@interrupt_INTx_st$external_interrupt_handler	PTR FTN()void  size(2) Largest target is 0

    LAT_REG_ADD_arr	PTR volatile unsigned char [5] size(2) Largest target is 1
		 -> LATA(BITBIGSFRll[1]), LATB(BITBIGSFRlh[1]), LATC(BITBIGSFRlh[1]), LATD(BITBIGSFRlh[1]), 
		 -> LATE(BITBIGSFRlh[1]), 

    PORT_REG_ADD_arr	PTR volatile unsigned char [5] size(2) Largest target is 1
		 -> PORTA(BITBIGSFRll[1]), PORTB(BITBIGSFRll[1]), PORTC(BITBIGSFRll[1]), PORTD(BITBIGSFRll[1]), 
		 -> PORTE(BITBIGSFRll[1]), 

    S1143$external_interrupt_handler	PTR FTN()void  size(2) Largest target is 0

    S1874$buffer	PTR unsigned char  size(2) Largest target is 0

    S1874$source	PTR const unsigned char  size(2) Largest target is 0

    sp__memset	PTR void  size(2) Largest target is 0

    TRIS_REG_ADD_arr	PTR volatile unsigned char [5] size(2) Largest target is 1
		 -> TRISA(BITBIGSFRll[1]), TRISB(BITBIGSFRhll[1]), TRISC(BITBIGSFRhll[1]), TRISD(BITBIGSFRhll[1]), 
		 -> TRISE(BITBIGSFRhll[1]), 

    vfprintf$0	PTR struct _IO_FILE size(1) Largest target is 12
		 -> sprintf@f(COMRAM[12]), 

    vfprintf$1	PTR const unsigned char  size(1) Largest target is 3
		 -> STR_11(CODE[3]), STR_12(CODE[3]), STR_13(CODE[3]), 

    vfprintf$2	PTR PTR void  size(1) Largest target is 1
		 -> sprintf@ap(COMRAM[1]), 


Critical Paths under _main in COMRAM

    None.

Critical Paths under _main in BANK0

    None.

Critical Paths under _main in BANK1

    None.

Critical Paths under _main in BANK2

    None.

Critical Paths under _main in BANK3

    None.

Critical Paths under _main in BANK4

    None.

Critical Paths under _main in BANK5

    None.

Critical Paths under _main in BANK6

    None.

Critical Paths under _main in BANK7

    None.

Critical Paths under _main in BANK8

    None.

Critical Paths under _main in BANK9

    None.

Critical Paths under _main in BANK10

    None.

Critical Paths under _main in BANK11

    None.

Critical Paths under _main in BANK12

    None.

Critical Paths under _main in BANK13

    None.

Critical Paths under _main in BANK14

    None.

Critical Paths under _main in BANK15

    None.

Call Graph Tables:

 ---------------------------------------------------------------------------------
 (Depth) Function   	        Calls       Base Space   Used Autos Params    Refs
 ---------------------------------------------------------------------------------
 (0) _main                                                 0     0      0       0
                           _app_init
 ---------------------------------------------------------------------------------
 (1) _app_init                                             0     0      0       0
 ---------------------------------------------------------------------------------
 Estimated maximum stack depth 1
 ---------------------------------------------------------------------------------

 Call Graph Graphs:

 _main (ROOT)
   _app_init

 Address spaces:
Name               Size   Autos  Total    Cost      Usage
BIGRAM             F7F      0       0      41        0.0%
EEDATA             400      0       0       0        0.0%
BITBANK14          100      0       0      33        0.0%
BANK14             100      0       0      34        0.0%
BITBANK13          100      0       0      31        0.0%
BANK13             100      0       0      32        0.0%
BITBANK12          100      0       0      29        0.0%
BANK12             100      0       0      30        0.0%
BITBANK11          100      0       0      27        0.0%
BANK11             100      0       0      28        0.0%
BITBANK10          100      0       0      24        0.0%
BANK10             100      0       0      25        0.0%
BITBANK9           100      0       0      22        0.0%
BANK9              100      0       0      23        0.0%
BITBANK8           100      0       0      20        0.0%
BANK8              100      0       0      21        0.0%
BITBANK7           100      0       0      18        0.0%
BANK7              100      0       0      19        0.0%
BITBANK6           100      0       0      16        0.0%
BANK6              100      0       0      17        0.0%
BITBANK5           100      0       0      14        0.0%
BANK5              100      0       0      15        0.0%
BITBANK4           100      0       0      12        0.0%
BANK4              100      0       0      13        0.0%
BITBANK3           100      0       0      10        0.0%
BANK3              100      0       0      11        0.0%
BITBANK2           100      0       0       8        0.0%
BANK2              100      0       0       9        0.0%
BITBANK1           100      0       0       6        0.0%
BANK1              100      0      7E       7       49.2%
BITBANK15           80      0       0      35        0.0%
BANK15              80      0       0      36        0.0%
BITBANK0            80      0       0       4        0.0%
BANK0               80      0      77       5       93.0%
BITCOMRAM           7F      0       0       0        0.0%
COMRAM              7F      0      73       1       90.6%
BITBIGSFRhll        59      0       0      38        0.0%
BITBIGSFRhh          D      0       0      37        0.0%
BITBIGSFRlh          4      0       0      39        0.0%
BITBIGSFRll          4      0       0      40        0.0%
BIGSFR               0      0       0     200        0.0%
BITSFR               0      0       0     200        0.0%
SFR                  0      0       0     200        0.0%
STACK                0      0       0       2        0.0%
NULL                 0      0       0       0        0.0%
ABS                  0      0     168      26        0.0%
DATA                 0      0     168       3        0.0%
CODE                 0      0       0       0        0.0%


Microchip Technology PIC18 Macro Assembler V2.45 build 20230818022343 
Symbol Table                                                                                   Mon Feb 12 19:16:19 2024

                     l51 1212                      l820 120A                      wreg 0FE8  
                   l2688 1206                     STR_1 102B                     STR_2 1023  
                   STR_9 1012                     _LATA 0F89                     _LATB 0F8A  
                   _LATC 0F8B                     _LATD 0F8C                     _LATE 0F8D  
                   _main 1206                     fsr1l 0FE1                     start 0000  
           ___param_bank 0000                    ?_main 0000                    STR_10 1001  
                  STR_11 1033                    STR_12 1036                    _PORTA 0F80  
                  _PORTB 0F81                    _PORTC 0F82                    _PORTD 0F83  
                  _PORTE 0F84                    _TRISA 0F92                    _TRISB 0F93  
                  _TRISC 0F94                    _TRISD 0F95                    _TRISE 0F96  
                  tablat 0FF5          led_on_off@F3109 0066          __initialization 1130  
           __end_of_main 1212                   ??_main 0000            __activetblptr 0002  
       __end_of_app_init 1214                   clear_0 1196                   isa$std 0001  
          led_init@F3104 006B             __pdataCOMRAM 0001             __mediumconst 0000  
                 tblptrh 0FF7                   tblptrl 0FF6                   tblptru 0FF8  
             __accesstop 0080  __end_of__initialization 119C            ___rparam_used 0001  
         __pcstackCOMRAM 0000             __pidataBANK0 10B8             __pidataBANK1 103A  
       _PORT_REG_ADD_arr 001B               _lcd_2_8bit 002F     _program_step_counter 0070  
        led_toggle@F3113 0061                ?_app_init 0000          _LAT_REG_ADD_arr 0011  
                __Hparam 0000                  __Lparam 0000             __psmallconst 1000  
                __pcinit 1130                  __ramtop 1000                  __ptext0 1206  
                __ptext1 1212    _keypad_key_values_arr 0001               ??_app_init 0000  
   end_of_initialization 119C            __Lmediumconst 0000                  postdec1 0FE5  
                postinc0 0FEE        init_msg_lcd@F3301 00A2        init_msg_lcd@F3303 0100  
      init_msg_lcd@F3305 0091        init_msg_lcd@F3307 0080        init_msg_lcd@F3281 016C  
      init_msg_lcd@F3283 015A        init_msg_lcd@F3291 0136        init_msg_lcd@F3285 00E6  
      init_msg_lcd@F3293 00C4        init_msg_lcd@F3287 0148        init_msg_lcd@F3295 0124  
      init_msg_lcd@F3289 00D5        init_msg_lcd@F3297 00B3        init_msg_lcd@F3299 0112  
          __pidataCOMRAM 11A6      start_initialization 1130              __pdataBANK0 0080  
            __pdataBANK1 0100              __pbssCOMRAM 0061              __smallconst 1000  
            _INTCON2bits 0FF1              _INTCON3bits 0FF0                copy_data0 1144  
              copy_data1 1164                copy_data2 1184                 __Hrparam 0000  
               __Lrparam 0000                 _app_init 1212                 isa$xinst 0000  
             _INTCONbits 0FF2         _TRIS_REG_ADD_arr 0025  
